<?xml version="1.0" encoding="UTF-8"?>
<!-- Generated by org.testng.reporters.JUnitReportReporter -->
<testsuite hostname="DESKTOP-BPNQMHV" failures="0" tests="1" name="restAssured.project.PostTest" time="2.949" errors="0" timestamp="2021-12-09T11:38:53 IST" skipped="0">
  <testcase classname="restAssured.project.PostTest" name="createResourcePost" time="2.949"/>
  <system-out/>
</testsuite> <!-- restAssured.project.PostTest -->
