<?xml version="1.0" encoding="UTF-8"?>
<!-- Generated by org.testng.reporters.JUnitReportReporter -->
<testsuite hostname="DESKTOP-BPNQMHV" failures="0" tests="1" name="restAssured.project.GetTest" time="2.377" errors="0" timestamp="2021-12-09T11:38:19 IST" skipped="0">
  <testcase classname="restAssured.project.GetTest" name="verfiyWithGet" time="2.377"/>
  <system-out/>
</testsuite> <!-- restAssured.project.GetTest -->
