<?xml version="1.0" encoding="UTF-8"?>
<!-- Generated by org.testng.reporters.JUnitReportReporter -->
<testsuite hostname="DESKTOP-BPNQMHV" failures="0" tests="1" name="com.cisco.phase_3project.AppTest" time="0.014" errors="0" timestamp="2021-12-09T09:43:49 IST" skipped="0">
  <testcase classname="com.cisco.phase_3project.AppTest" name="shouldAnswerWithTrue" time="0.014"/>
  <system-out/>
</testsuite> <!-- com.cisco.phase_3project.AppTest -->
